╔═══════════════════════════════════════╗
║  Vzlom Bridge v2.0                    ║
║                                       ║
║  🔑 Auth     : POST /auth/register    ║
║  🔑         : POST /auth/login        ║
║  🌐 Mémoire  : /memory?token=X        ║
║  ⚡ Bash      : POST /bash?token=X    ║
║  📋 Tâches   : /tasks?token=X          ║
║  📂 Workspace: /home/vzlom-bridge/workspace/{user}        ║
║  🚫 ISOLÉ des projets MDT              ║
╚═══════════════════════════════════════╝
Traceback (most recent call last):
  File "/home/vzlom-bridge/server.py", line 467, in <module>
    server = http.server.HTTPServer(("0.0.0.0", PORT), BridgeHandler)
             ^^^^^^^^^^^^^^^^^^^^^^^^^^^^^^^^^^^^^^^^^^^^^^^^^^^^^^^^
  File "/root/.local/share/uv/python/cpython-3.11.15-linux-x86_64-gnu/lib/python3.11/socketserver.py", line 456, in __init__
    self.server_bind()
  File "/root/.local/share/uv/python/cpython-3.11.15-linux-x86_64-gnu/lib/python3.11/http/server.py", line 140, in server_bind
    socketserver.TCPServer.server_bind(self)
  File "/root/.local/share/uv/python/cpython-3.11.15-linux-x86_64-gnu/lib/python3.11/socketserver.py", line 472, in server_bind
    self.socket.bind(self.server_address)
OSError: [Errno 98] Address already in use
